Build started 7.5.2018 9:07:20.
     1>Project "D:\materija\RA218-2015\LPRS2\projekat\new_rally_x\bc_mem_packer\battle_mem\battle_mem.vcxproj" on node 2 (build target(s)).
     1>InitializeBuildStatus:
         Creating "Debug\battle_mem.unsuccessfulbuild" because "AlwaysCreate" was specified.
       ClCompile:
         C:\Program Files (x86)\Microsoft Visual Studio 10.0\VC\bin\CL.exe /c /ZI /nologo /W3 /WX- /Od /Oy- /D _MBCS /Gm /EHsc /RTC1 /MDd /GS /fp:precise /Zc:wchar_t /Zc:forScope /Fo"Debug\\" /Fd"Debug\vc100.pdb" /Gd /TP /analyze- /errorReport:prompt bitmap.cpp main.cpp tools.cpp
         tools.cpp
     1>d:\materija\ra218-2015\lprs2\projekat\new_rally_x\bc_mem_packer\battle_mem\tools.cpp(15): warning C4018: '<' : signed/unsigned mismatch
     1>d:\materija\ra218-2015\lprs2\projekat\new_rally_x\bc_mem_packer\battle_mem\tools.cpp(21): warning C4018: '<' : signed/unsigned mismatch
     1>d:\materija\ra218-2015\lprs2\projekat\new_rally_x\bc_mem_packer\battle_mem\tools.cpp(43): warning C4018: '<' : signed/unsigned mismatch
     1>d:\materija\ra218-2015\lprs2\projekat\new_rally_x\bc_mem_packer\battle_mem\tools.cpp(35): warning C4101: 'mask' : unreferenced local variable
     1>d:\materija\ra218-2015\lprs2\projekat\new_rally_x\bc_mem_packer\battle_mem\tools.cpp(36): warning C4101: 'bit' : unreferenced local variable
     1>d:\materija\ra218-2015\lprs2\projekat\new_rally_x\bc_mem_packer\battle_mem\tools.cpp(154): warning C4101: 'y' : unreferenced local variable
         main.cpp
         bitmap.cpp
         Generating Code...
       Link:
         C:\Program Files (x86)\Microsoft Visual Studio 10.0\VC\bin\link.exe /ERRORREPORT:PROMPT /OUT:"D:\materija\RA218-2015\LPRS2\projekat\new_rally_x\bc_mem_packer\battle_mem\Debug\battle_mem.exe" /NOLOGO kernel32.lib user32.lib gdi32.lib winspool.lib comdlg32.lib advapi32.lib shell32.lib ole32.lib oleaut32.lib uuid.lib odbc32.lib odbccp32.lib /MANIFEST /ManifestFile:"Debug\battle_mem.exe.intermediate.manifest" /MANIFESTUAC:"level='asInvoker' uiAccess='false'" /DEBUG /PDB:"D:\materija\RA218-2015\LPRS2\projekat\new_rally_x\bc_mem_packer\battle_mem\Debug\battle_mem.pdb" /TLBID:1 /DYNAMICBASE /NXCOMPAT /IMPLIB:"D:\materija\RA218-2015\LPRS2\projekat\new_rally_x\bc_mem_packer\battle_mem\Debug\battle_mem.lib" /MACHINE:X86 Debug\bitmap.obj
         Debug\main.obj
         Debug\tools.obj
         LINK : D:\materija\RA218-2015\LPRS2\projekat\new_rally_x\bc_mem_packer\battle_mem\Debug\battle_mem.exe not found or not built by the last incremental link; performing full link
         battle_mem.vcxproj -> D:\materija\RA218-2015\LPRS2\projekat\new_rally_x\bc_mem_packer\battle_mem\Debug\battle_mem.exe
       Manifest:
         C:\Program Files (x86)\Microsoft SDKs\Windows\v7.0A\bin\mt.exe /nologo /verbose /outputresource:"D:\materija\RA218-2015\LPRS2\projekat\new_rally_x\bc_mem_packer\battle_mem\Debug\battle_mem.exe;#1" /manifest Debug\battle_mem.exe.intermediate.manifest
       FinalizeBuildStatus:
         Deleting file "Debug\battle_mem.unsuccessfulbuild".
         Touching "Debug\battle_mem.lastbuildstate".
     1>Done Building Project "D:\materija\RA218-2015\LPRS2\projekat\new_rally_x\bc_mem_packer\battle_mem\battle_mem.vcxproj" (build target(s)).

Build succeeded.

Time Elapsed 00:00:03.19
