d:\materija\ra218-2015\lprs2\new_rally_x\bc_mem_packer\battle_mem\debug\vc140.pdb
d:\materija\ra218-2015\lprs2\new_rally_x\bc_mem_packer\battle_mem\debug\vc140.idb
d:\materija\ra218-2015\lprs2\new_rally_x\bc_mem_packer\battle_mem\debug\bitmap.nativecodeanalysis.xml
d:\materija\ra218-2015\lprs2\new_rally_x\bc_mem_packer\battle_mem\debug\main.nativecodeanalysis.xml
d:\materija\ra218-2015\lprs2\new_rally_x\bc_mem_packer\battle_mem\debug\tools.nativecodeanalysis.xml
d:\materija\ra218-2015\lprs2\new_rally_x\bc_mem_packer\battle_mem\debug\tools.obj
d:\materija\ra218-2015\lprs2\new_rally_x\bc_mem_packer\battle_mem\debug\main.obj
d:\materija\ra218-2015\lprs2\new_rally_x\bc_mem_packer\battle_mem\debug\bitmap.obj
d:\materija\ra218-2015\lprs2\new_rally_x\bc_mem_packer\battle_mem\debug\battle_mem.ilk
d:\materija\ra218-2015\lprs2\new_rally_x\bc_mem_packer\battle_mem\debug\battle_mem.exe
d:\materija\ra218-2015\lprs2\new_rally_x\bc_mem_packer\battle_mem\debug\battle_mem.pdb
d:\materija\ra218-2015\lprs2\new_rally_x\bc_mem_packer\battle_mem\debug\nativecodeanalysis.read.1.tlog
d:\materija\ra218-2015\lprs2\new_rally_x\bc_mem_packer\battle_mem\debug\vc.nativecodeanalysis.all.xml
d:\materija\ra218-2015\lprs2\new_rally_x\bc_mem_packer\battle_mem\debug\battle_mem.exe.lastcodeanalysissucceeded
d:\materija\ra218-2015\lprs2\new_rally_x\bc_mem_packer\battle_mem\debug\battle_mem.tlog\cl.command.1.tlog
d:\materija\ra218-2015\lprs2\new_rally_x\bc_mem_packer\battle_mem\debug\battle_mem.tlog\cl.read.1.tlog
d:\materija\ra218-2015\lprs2\new_rally_x\bc_mem_packer\battle_mem\debug\battle_mem.tlog\cl.write.1.tlog
d:\materija\ra218-2015\lprs2\new_rally_x\bc_mem_packer\battle_mem\debug\battle_mem.tlog\link.command.1.tlog
d:\materija\ra218-2015\lprs2\new_rally_x\bc_mem_packer\battle_mem\debug\battle_mem.tlog\link.read.1.tlog
d:\materija\ra218-2015\lprs2\new_rally_x\bc_mem_packer\battle_mem\debug\battle_mem.tlog\link.write.1.tlog
